Using pre-set license
Built from '2020.2/release' branch; Version is '2020.2.1f1 (270dd8c3da1c) revision 2559448'; Using compiler version '192528614'; Build Type 'Release'
OS: 'Windows 10  (10.0.0) 64bit' Language: 'en' Physical Memory: 16332 MB
BatchMode: 1, IsHumanControllingUs: 0, StartBugReporterOnCrash: 0, Is64bit: 1, IsPro: 0

 COMMAND LINE ARGUMENTS:
G:\Program Files\Unity\2020.2.1f1\Editor\Unity.exe
-adb2
-batchMode
-noUpm
-name
AssetImportWorker0
-projectPath
E:/Michael/Desktop/GAME3033 Github/GAME3033-FinalGameJam
-logFile
Logs/AssetImportWorker0.log
-srvPort
50569
Successfully changed project path to: E:/Michael/Desktop/GAME3033 Github/GAME3033-FinalGameJam
E:/Michael/Desktop/GAME3033 Github/GAME3033-FinalGameJam
Using Asset Import Pipeline V2.
Refreshing native plugins compatible for Editor in 41.32 ms, found 0 plugins.
Preloading 0 native plugins for Editor in 0.00 ms.
Initialize engine version: 2020.2.1f1 (270dd8c3da1c)
[Subsystems] Discovering subsystems at path G:/Program Files/Unity/2020.2.1f1/Editor/Data/Resources/UnitySubsystems
[Subsystems] Discovering subsystems at path E:/Michael/Desktop/GAME3033 Github/GAME3033-FinalGameJam/Assets
GfxDevice: creating device client; threaded=0
Direct3D:
    Version:  Direct3D 11.0 [level 11.1]
    Renderer: NVIDIA GeForce GTX 1070 (ID=0x1b81)
    Vendor:   
    VRAM:     8088 MB
    Driver:   27.21.14.5671
Initialize mono
Mono path[0] = 'G:/Program Files/Unity/2020.2.1f1/Editor/Data/Managed'
Mono path[1] = 'G:/Program Files/Unity/2020.2.1f1/Editor/Data/MonoBleedingEdge/lib/mono/unityjit'
Mono config path = 'G:/Program Files/Unity/2020.2.1f1/Editor/Data/MonoBleedingEdge/etc'
Using monoOptions --debugger-agent=transport=dt_socket,embedding=1,server=y,suspend=n,address=127.0.0.1:56068
Begin MonoManager ReloadAssembly
Registering precompiled unity dll's ...
Register platform support module: G:/Program Files/Unity/2020.2.1f1/Editor/Data/PlaybackEngines/WebGLSupport/UnityEditor.WebGL.Extensions.dll
Register platform support module: G:/Program Files/Unity/2020.2.1f1/Editor/Data/PlaybackEngines/WindowsStandaloneSupport/UnityEditor.WindowsStandalone.Extensions.dll
Registered in 0.001284 seconds.
Native extension for WindowsStandalone target not found
Native extension for WebGL target not found
Refreshing native plugins compatible for Editor in 37.45 ms, found 0 plugins.
Preloading 0 native plugins for Editor in 0.00 ms.
Invoked RoslynAnalysisRunner static constructor.
RoslynAnalysisRunner will not be running.
RoslynAnalysisRunner has terminated.
Mono: successfully reloaded assembly
- Completed reload, in  2.773 seconds
Platform modules already initialized, skipping
Registering precompiled user dll's ...
Registered in 0.001388 seconds.
Begin MonoManager ReloadAssembly
Native extension for WindowsStandalone target not found
Native extension for WebGL target not found
Refreshing native plugins compatible for Editor in 38.12 ms, found 0 plugins.
Preloading 0 native plugins for Editor in 0.00 ms.
Invoked RoslynAnalysisRunner static constructor.
RoslynAnalysisRunner will not be running.
RoslynAnalysisRunner has terminated.
Mono: successfully reloaded assembly
- Completed reload, in  1.171 seconds
Platform modules already initialized, skipping
========================================================================
Worker process is ready to serve import requests
Launched and connected shader compiler UnityShaderCompiler.exe after 0.06 seconds
Refreshing native plugins compatible for Editor in 0.33 ms, found 0 plugins.
Preloading 0 native plugins for Editor in 0.00 ms.
Unloading 1926 Unused Serialized files (Serialized files now loaded: 0)
System memory in use before: 91.1 MB.
System memory in use after: 91.1 MB.

Unloading 107 unused Assets to reduce memory usage. Loaded Objects now: 2361.
Total: 2.743200 ms (FindLiveObjects: 0.231200 ms CreateObjectMapping: 0.068900 ms MarkObjects: 2.190600 ms  DeleteObjects: 0.251200 ms)

========================================================================
Received Import Request.
  path: Assets/Supercyan Free Forest Sample/Prefabs
  artifactKey: Guid(eff4a63e5fb72db4094c7dce6e6ae0ef) Importer(815301076,1909f56bfc062723c751e8b465ee728b)
Start importing Assets/Supercyan Free Forest Sample/Prefabs using Guid(eff4a63e5fb72db4094c7dce6e6ae0ef) Importer(815301076,1909f56bfc062723c751e8b465ee728b)  -> (artifact id: '294583d94ad3953c8c678740d63bf45c') in 0.012817 seconds
  Import took 0.018433 seconds .

========================================================================
Received Import Request.
  Time since last request: 0.000739 seconds.
  path: Assets/Supercyan Free Forest Sample/Prefabs/High Quality
  artifactKey: Guid(74f42c695c784cd43a543aad32fc5741) Importer(815301076,1909f56bfc062723c751e8b465ee728b)
Start importing Assets/Supercyan Free Forest Sample/Prefabs/High Quality using Guid(74f42c695c784cd43a543aad32fc5741) Importer(815301076,1909f56bfc062723c751e8b465ee728b)  -> (artifact id: 'c6aa0e9494cc99f98687f24f4ce1a4c6') in 0.006723 seconds
  Import took 0.014253 seconds .

========================================================================
Received Import Request.
  Time since last request: 0.000330 seconds.
  path: Assets/Supercyan Free Forest Sample
  artifactKey: Guid(5dac2404ed8c08a4689fdfaf3c0794e5) Importer(815301076,1909f56bfc062723c751e8b465ee728b)
Start importing Assets/Supercyan Free Forest Sample using Guid(5dac2404ed8c08a4689fdfaf3c0794e5) Importer(815301076,1909f56bfc062723c751e8b465ee728b)  -> (artifact id: 'cc8b32ac099446a4664aee5b1e9e0403') in 0.006464 seconds
  Import took 0.010171 seconds .

========================================================================
Received Import Request.
  Time since last request: 1.665245 seconds.
  path: Assets/Supercyan Free Forest Sample/TerrainLayers
  artifactKey: Guid(b400aa51b5e6c3941a47ce7dbda137f9) Importer(815301076,1909f56bfc062723c751e8b465ee728b)
Start importing Assets/Supercyan Free Forest Sample/TerrainLayers using Guid(b400aa51b5e6c3941a47ce7dbda137f9) Importer(815301076,1909f56bfc062723c751e8b465ee728b)  -> (artifact id: '114c6050d399d98a4ce1172ff26e48d9') in 0.007477 seconds
  Import took 0.011722 seconds .

========================================================================
Received Import Request.
  Time since last request: 2.252880 seconds.
  path: Assets/Supercyan Free Forest Sample/Terrains
  artifactKey: Guid(4c8e90fed087c3a4599b387d34f2635b) Importer(815301076,1909f56bfc062723c751e8b465ee728b)
Start importing Assets/Supercyan Free Forest Sample/Terrains using Guid(4c8e90fed087c3a4599b387d34f2635b) Importer(815301076,1909f56bfc062723c751e8b465ee728b)  -> (artifact id: '711930ca60a9f324940a4ba7a49c6d1f') in 0.007960 seconds
  Import took 0.030584 seconds .

========================================================================
Received Import Request.
  Time since last request: 0.055162 seconds.
  path: Assets/Supercyan Free Forest Sample/Terrains/DemoTerrain.asset
  artifactKey: Guid(9fd0999bcdb5b874882e73d08ff0d45d) Importer(815301076,1909f56bfc062723c751e8b465ee728b)
Start importing Assets/Supercyan Free Forest Sample/Terrains/DemoTerrain.asset using Guid(9fd0999bcdb5b874882e73d08ff0d45d) Importer(815301076,1909f56bfc062723c751e8b465ee728b)  -> (artifact id: 'a1a03a835ffc6fbee5161ce7103b6f40') in 0.114311 seconds
  Import took 0.118497 seconds .

========================================================================
Received Import Request.
  Time since last request: 15.990610 seconds.
  path: Assets/Supercyan Free Forest Sample/Environment Pack Free Forest Sample Readme v1.0.pdf
  artifactKey: Guid(b38226f7ff89304488651878bbf65734) Importer(815301076,1909f56bfc062723c751e8b465ee728b)
Start importing Assets/Supercyan Free Forest Sample/Environment Pack Free Forest Sample Readme v1.0.pdf using Guid(b38226f7ff89304488651878bbf65734) Importer(815301076,1909f56bfc062723c751e8b465ee728b)  -> (artifact id: '895635e64bc1c46647ac106a062fdf37') in 0.012198 seconds
  Import took 0.022645 seconds .

========================================================================
Received Prepare
Registering precompiled user dll's ...
Registered in 0.001394 seconds.
Begin MonoManager ReloadAssembly
Native extension for WindowsStandalone target not found
Native extension for WebGL target not found
Refreshing native plugins compatible for Editor in 0.35 ms, found 0 plugins.
Preloading 0 native plugins for Editor in 0.00 ms.
Warning: Annotation not found!
UnityEngine.StackTraceUtility:ExtractStackTrace ()
UnityEditor.ProBuilder.EditorUtility:SetGizmoIconEnabled (System.Type,bool) (at Library/PackageCache/com.unity.probuilder@4.4.0/Editor/EditorCore/EditorUtility.cs:593)
UnityEditor.ProBuilder.HierarchyListener:.cctor () (at Library/PackageCache/com.unity.probuilder@4.4.0/Editor/EditorCore/HierarchyListener.cs:21)
System.Runtime.CompilerServices.RuntimeHelpers:RunClassConstructor (System.RuntimeTypeHandle)
UnityEditor.EditorAssemblies:ProcessInitializeOnLoadAttributes (System.Type[])

[Library/PackageCache/com.unity.probuilder@4.4.0/Editor/EditorCore/EditorUtility.cs line 593]

Invoked RoslynAnalysisRunner static constructor.
RoslynAnalysisRunner will not be running.
RoslynAnalysisRunner has terminated.
Mono: successfully reloaded assembly
- Completed reload, in  1.228 seconds
Platform modules already initialized, skipping
Refreshing native plugins compatible for Editor in 0.34 ms, found 0 plugins.
Preloading 0 native plugins for Editor in 0.00 ms.
Unloading 1872 Unused Serialized files (Serialized files now loaded: 0)
System memory in use before: 88.6 MB.
System memory in use after: 88.2 MB.

Unloading 9 unused Assets to reduce memory usage. Loaded Objects now: 2366.
Total: 3.219300 ms (FindLiveObjects: 0.172600 ms CreateObjectMapping: 0.065400 ms MarkObjects: 2.324800 ms  DeleteObjects: 0.655000 ms)

========================================================================
Received Import Request.
  Time since last request: 396.370132 seconds.
  path: Assets/Models
  artifactKey: Guid(da1572e472742d84aad0aedcc26dd85f) Importer(815301076,1909f56bfc062723c751e8b465ee728b)
Start importing Assets/Models using Guid(da1572e472742d84aad0aedcc26dd85f) Importer(815301076,1909f56bfc062723c751e8b465ee728b)  -> (artifact id: '4a239949dab52f6eed0bc6e70d2dfedf') in 0.012596 seconds
  Import took 0.029947 seconds .

========================================================================
Received Import Request.
  Time since last request: 0.829511 seconds.
  path: Assets/Models/Character
  artifactKey: Guid(f0a5211d30a4a85488e53a486c896b97) Importer(815301076,1909f56bfc062723c751e8b465ee728b)
Start importing Assets/Models/Character using Guid(f0a5211d30a4a85488e53a486c896b97) Importer(815301076,1909f56bfc062723c751e8b465ee728b)  -> (artifact id: 'c331c01fb2fe984a805d735bf193d529') in 0.009708 seconds
  Import took 0.015207 seconds .

========================================================================
Received Import Request.
  Time since last request: 0.068095 seconds.
  path: Assets/Models/Character/PlayerCharacter.fbx
  artifactKey: Guid(1b99d3865e4e4204da10fda208a7684b) Importer(815301076,1909f56bfc062723c751e8b465ee728b)
Start importing Assets/Models/Character/PlayerCharacter.fbx using Guid(1b99d3865e4e4204da10fda208a7684b) Importer(815301076,1909f56bfc062723c751e8b465ee728b)  -> (artifact id: '980e8e4332877c13bba085cb11d9d719') in 0.615256 seconds
  Import took 0.624596 seconds .

========================================================================
Received Import Request.
  Time since last request: 14.624937 seconds.
  path: Assets/Textures
  artifactKey: Guid(049f760994debb04bb23afc85df813aa) Importer(815301076,1909f56bfc062723c751e8b465ee728b)
Start importing Assets/Textures using Guid(049f760994debb04bb23afc85df813aa) Importer(815301076,1909f56bfc062723c751e8b465ee728b)  -> (artifact id: '3e381a2352e784732cad6cdfe325de8f') in 0.008681 seconds
  Import took 0.012735 seconds .

========================================================================
Received Import Request.
  Time since last request: 0.000773 seconds.
  path: Assets/Textures
  artifactKey: Guid(049f760994debb04bb23afc85df813aa) Importer(815301076,1909f56bfc062723c751e8b465ee728b)
Start importing Assets/Textures using Guid(049f760994debb04bb23afc85df813aa) Importer(815301076,1909f56bfc062723c751e8b465ee728b)  -> (artifact id: '3e381a2352e784732cad6cdfe325de8f') in 0.002964 seconds
  Import took 0.007408 seconds .

========================================================================
Received Import Request.
  Time since last request: 5.563436 seconds.
  path: Assets/Materials
  artifactKey: Guid(8594fb88445a2314fac4f083f03256fe) Importer(815301076,1909f56bfc062723c751e8b465ee728b)
Start importing Assets/Materials using Guid(8594fb88445a2314fac4f083f03256fe) Importer(815301076,1909f56bfc062723c751e8b465ee728b)  -> (artifact id: '39c6cd361c0cbb0d21d2b6ed692f3c4b') in 0.008351 seconds
  Import took 0.012916 seconds .

========================================================================
Received Import Request.
  Time since last request: 0.000768 seconds.
  path: Assets/Materials
  artifactKey: Guid(8594fb88445a2314fac4f083f03256fe) Importer(815301076,1909f56bfc062723c751e8b465ee728b)
Start importing Assets/Materials using Guid(8594fb88445a2314fac4f083f03256fe) Importer(815301076,1909f56bfc062723c751e8b465ee728b)  -> (artifact id: '39c6cd361c0cbb0d21d2b6ed692f3c4b') in 0.002521 seconds
  Import took 0.006156 seconds .

========================================================================
Received Import Request.
  Time since last request: 5.434314 seconds.
  path: Assets/Materials/Character
  artifactKey: Guid(b3be139f95898a547a9b05ca90cbeb97) Importer(815301076,1909f56bfc062723c751e8b465ee728b)
Start importing Assets/Materials/Character using Guid(b3be139f95898a547a9b05ca90cbeb97) Importer(815301076,1909f56bfc062723c751e8b465ee728b)  -> (artifact id: '7db9d1a34b919def478b4e7f5a03d34c') in 0.002877 seconds
  Import took 0.018385 seconds .

========================================================================
Received Import Request.
  Time since last request: 7.388826 seconds.
  path: Assets/Textures/Character
  artifactKey: Guid(84fc8c0f63a24744690abbbb1068116a) Importer(815301076,1909f56bfc062723c751e8b465ee728b)
Start importing Assets/Textures/Character using Guid(84fc8c0f63a24744690abbbb1068116a) Importer(815301076,1909f56bfc062723c751e8b465ee728b)  -> (artifact id: '9e63c43711f0cfb40edbd3b495ab6810') in 0.003170 seconds
  Import took 0.006448 seconds .

========================================================================
Received Import Request.
  Time since last request: 18.056725 seconds.
  path: Assets/Models/Character/PlayerCharacter.fbx
  artifactKey: Guid(1b99d3865e4e4204da10fda208a7684b) Importer(815301076,1909f56bfc062723c751e8b465ee728b)
Start importing Assets/Models/Character/PlayerCharacter.fbx using Guid(1b99d3865e4e4204da10fda208a7684b) Importer(815301076,1909f56bfc062723c751e8b465ee728b)  -> (artifact id: 'ac445c69f7e2fb520f4c7d5d0424a6c8') in 0.053889 seconds
  Import took 0.074015 seconds .

========================================================================
Received Import Request.
  Time since last request: 14.505143 seconds.
  path: Assets/Models/Character/PlayerCharacter.fbx
  artifactKey: Guid(1b99d3865e4e4204da10fda208a7684b) Importer(815301076,1909f56bfc062723c751e8b465ee728b)
Start importing Assets/Models/Character/PlayerCharacter.fbx using Guid(1b99d3865e4e4204da10fda208a7684b) Importer(815301076,1909f56bfc062723c751e8b465ee728b)  -> (artifact id: '4c26d28ef051a44709da098700c8bf06') in 0.040808 seconds
  Import took 0.044544 seconds .

========================================================================
Received Import Request.
  Time since last request: 41.288781 seconds.
  path: Assets/Models/Character/PlayerCharacter.fbx
  artifactKey: Guid(1b99d3865e4e4204da10fda208a7684b) Importer(815301076,1909f56bfc062723c751e8b465ee728b)
Start importing Assets/Models/Character/PlayerCharacter.fbx using Guid(1b99d3865e4e4204da10fda208a7684b) Importer(815301076,1909f56bfc062723c751e8b465ee728b)  -> (artifact id: '01bb029e473a3506c2bcef02782db1f8') in 0.037563 seconds
  Import took 0.043725 seconds .

========================================================================
Received Import Request.
  Time since last request: 19.595616 seconds.
  path: Assets/Models/Character/PlayerCharacter.fbx
  artifactKey: Guid(1b99d3865e4e4204da10fda208a7684b) Importer(815301076,1909f56bfc062723c751e8b465ee728b)
Start importing Assets/Models/Character/PlayerCharacter.fbx using Guid(1b99d3865e4e4204da10fda208a7684b) Importer(815301076,1909f56bfc062723c751e8b465ee728b)  -> (artifact id: '2fa66af37864129e05522da507f96d61') in 0.036084 seconds
  Import took 0.040778 seconds .

========================================================================
Received Import Request.
  Time since last request: 21.480810 seconds.
  path: Assets/Prefabs
  artifactKey: Guid(d87bdeae84a2ebc47a84d4f0c4d56802) Importer(815301076,1909f56bfc062723c751e8b465ee728b)
Start importing Assets/Prefabs using Guid(d87bdeae84a2ebc47a84d4f0c4d56802) Importer(815301076,1909f56bfc062723c751e8b465ee728b)  -> (artifact id: '9c7162bc5e17458443668c78ef42c20c') in 0.003206 seconds
  Import took 0.007091 seconds .

========================================================================
Received Import Request.
  Time since last request: 6.912808 seconds.
  path: Assets/Prefabs/PlayerCharacter.prefab
  artifactKey: Guid(e896b28626474bc4d8edab53a31691d4) Importer(815301076,1909f56bfc062723c751e8b465ee728b)
Start importing Assets/Prefabs/PlayerCharacter.prefab using Guid(e896b28626474bc4d8edab53a31691d4) Importer(815301076,1909f56bfc062723c751e8b465ee728b)  -> (artifact id: 'ac84bf1531848c02bdf2c292eb6cd998') in 0.025362 seconds
  Import took 0.029296 seconds .

========================================================================
Received Import Request.
  Time since last request: 106.134897 seconds.
  path: Assets/Prefabs/PlayerCharacter.prefab
  artifactKey: Guid(e896b28626474bc4d8edab53a31691d4) Importer(815301076,1909f56bfc062723c751e8b465ee728b)
Start importing Assets/Prefabs/PlayerCharacter.prefab using Guid(e896b28626474bc4d8edab53a31691d4) Importer(815301076,1909f56bfc062723c751e8b465ee728b)  -> (artifact id: '00837c26682a75b8c8fbea6dc092affd') in 0.033147 seconds
  Import took 0.038819 seconds .

========================================================================
Received Prepare
Registering precompiled user dll's ...
Registered in 0.001405 seconds.
Begin MonoManager ReloadAssembly
Native extension for WindowsStandalone target not found
Native extension for WebGL target not found
Refreshing native plugins compatible for Editor in 0.72 ms, found 0 plugins.
Preloading 0 native plugins for Editor in 0.00 ms.
Warning: Annotation not found!
UnityEngine.StackTraceUtility:ExtractStackTrace ()
UnityEditor.ProBuilder.EditorUtility:SetGizmoIconEnabled (System.Type,bool) (at Library/PackageCache/com.unity.probuilder@4.4.0/Editor/EditorCore/EditorUtility.cs:593)
UnityEditor.ProBuilder.HierarchyListener:.cctor () (at Library/PackageCache/com.unity.probuilder@4.4.0/Editor/EditorCore/HierarchyListener.cs:21)
System.Runtime.CompilerServices.RuntimeHelpers:RunClassConstructor (System.RuntimeTypeHandle)
UnityEditor.EditorAssemblies:ProcessInitializeOnLoadAttributes (System.Type[])

[Library/PackageCache/com.unity.probuilder@4.4.0/Editor/EditorCore/EditorUtility.cs line 593]

Invoked RoslynAnalysisRunner static constructor.
RoslynAnalysisRunner will not be running.
RoslynAnalysisRunner has terminated.
Mono: successfully reloaded assembly
- Completed reload, in  1.947 seconds
Platform modules already initialized, skipping
Refreshing native plugins compatible for Editor in 0.37 ms, found 0 plugins.
Preloading 0 native plugins for Editor in 0.00 ms.
Unloading 1872 Unused Serialized files (Serialized files now loaded: 0)
System memory in use before: 102.9 MB.
System memory in use after: 103.0 MB.

Unloading 7 unused Assets to reduce memory usage. Loaded Objects now: 2411.
Total: 4.149700 ms (FindLiveObjects: 0.340600 ms CreateObjectMapping: 0.147200 ms MarkObjects: 3.564400 ms  DeleteObjects: 0.095800 ms)

========================================================================
Received Import Request.
  Time since last request: 81.859867 seconds.
  path: Assets/Scripts/PlayerMovement.cs
  artifactKey: Guid(14a05693f03880e4694c2bc0497ddaa4) Importer(815301076,1909f56bfc062723c751e8b465ee728b)
Start importing Assets/Scripts/PlayerMovement.cs using Guid(14a05693f03880e4694c2bc0497ddaa4) Importer(815301076,1909f56bfc062723c751e8b465ee728b)  -> (artifact id: '85faa050dd817c8013c54930a150f9bc') in 0.092990 seconds
  Import took 0.096387 seconds .

========================================================================
Received Prepare
Registering precompiled user dll's ...
Registered in 0.001202 seconds.
Begin MonoManager ReloadAssembly
Native extension for WindowsStandalone target not found
Native extension for WebGL target not found
Refreshing native plugins compatible for Editor in 0.60 ms, found 0 plugins.
Preloading 0 native plugins for Editor in 0.00 ms.
Warning: Annotation not found!
UnityEngine.StackTraceUtility:ExtractStackTrace ()
UnityEditor.ProBuilder.EditorUtility:SetGizmoIconEnabled (System.Type,bool) (at Library/PackageCache/com.unity.probuilder@4.4.0/Editor/EditorCore/EditorUtility.cs:593)
UnityEditor.ProBuilder.HierarchyListener:.cctor () (at Library/PackageCache/com.unity.probuilder@4.4.0/Editor/EditorCore/HierarchyListener.cs:21)
System.Runtime.CompilerServices.RuntimeHelpers:RunClassConstructor (System.RuntimeTypeHandle)
UnityEditor.EditorAssemblies:ProcessInitializeOnLoadAttributes (System.Type[])

[Library/PackageCache/com.unity.probuilder@4.4.0/Editor/EditorCore/EditorUtility.cs line 593]

Invoked RoslynAnalysisRunner static constructor.
RoslynAnalysisRunner will not be running.
RoslynAnalysisRunner has terminated.
Mono: successfully reloaded assembly
- Completed reload, in  1.026 seconds
Platform modules already initialized, skipping
Refreshing native plugins compatible for Editor in 0.42 ms, found 0 plugins.
Preloading 0 native plugins for Editor in 0.00 ms.
Unloading 1873 Unused Serialized files (Serialized files now loaded: 0)
System memory in use before: 103.4 MB.
System memory in use after: 103.4 MB.

Unloading 7 unused Assets to reduce memory usage. Loaded Objects now: 2414.
Total: 2.626800 ms (FindLiveObjects: 0.208900 ms CreateObjectMapping: 0.069900 ms MarkObjects: 2.231800 ms  DeleteObjects: 0.115000 ms)

========================================================================
Received Import Request.
  Time since last request: 81.646906 seconds.
  path: Assets/Scripts/PlayerController.cs
  artifactKey: Guid(c320a6f6108e0d7408299bce2dbe7460) Importer(815301076,1909f56bfc062723c751e8b465ee728b)
Start importing Assets/Scripts/PlayerController.cs using Guid(c320a6f6108e0d7408299bce2dbe7460) Importer(815301076,1909f56bfc062723c751e8b465ee728b)  -> (artifact id: '27a9d2f01da7d81cad1b232e2470351a') in 0.012717 seconds
  Import took 0.017261 seconds .

========================================================================
Received Prepare
Registering precompiled user dll's ...
Registered in 0.001286 seconds.
Begin MonoManager ReloadAssembly
Native extension for WindowsStandalone target not found
Native extension for WebGL target not found
Refreshing native plugins compatible for Editor in 0.45 ms, found 0 plugins.
Preloading 0 native plugins for Editor in 0.00 ms.
Warning: Annotation not found!
UnityEngine.StackTraceUtility:ExtractStackTrace ()
UnityEditor.ProBuilder.EditorUtility:SetGizmoIconEnabled (System.Type,bool) (at Library/PackageCache/com.unity.probuilder@4.4.0/Editor/EditorCore/EditorUtility.cs:593)
UnityEditor.ProBuilder.HierarchyListener:.cctor () (at Library/PackageCache/com.unity.probuilder@4.4.0/Editor/EditorCore/HierarchyListener.cs:21)
System.Runtime.CompilerServices.RuntimeHelpers:RunClassConstructor (System.RuntimeTypeHandle)
UnityEditor.EditorAssemblies:ProcessInitializeOnLoadAttributes (System.Type[])

[Library/PackageCache/com.unity.probuilder@4.4.0/Editor/EditorCore/EditorUtility.cs line 593]

Invoked RoslynAnalysisRunner static constructor.
RoslynAnalysisRunner will not be running.
RoslynAnalysisRunner has terminated.
Mono: successfully reloaded assembly
- Completed reload, in  1.015 seconds
Platform modules already initialized, skipping
Refreshing native plugins compatible for Editor in 0.34 ms, found 0 plugins.
Preloading 0 native plugins for Editor in 0.00 ms.
Unloading 1874 Unused Serialized files (Serialized files now loaded: 0)
System memory in use before: 103.8 MB.
System memory in use after: 103.8 MB.

Unloading 7 unused Assets to reduce memory usage. Loaded Objects now: 2417.
Total: 2.594800 ms (FindLiveObjects: 0.242800 ms CreateObjectMapping: 0.079900 ms MarkObjects: 2.163700 ms  DeleteObjects: 0.107200 ms)

========================================================================
Received Import Request.
  Time since last request: 88.379025 seconds.
  path: Assets/Input/PlayerInput.inputactions
  artifactKey: Guid(5786f05032f778a49951d93bc22ef46c) Importer(815301076,1909f56bfc062723c751e8b465ee728b)
Start importing Assets/Input/PlayerInput.inputactions using Guid(5786f05032f778a49951d93bc22ef46c) Importer(815301076,1909f56bfc062723c751e8b465ee728b)  -> (artifact id: 'ec7ef399118e59d57d2bf0f4473cc878') in 0.022430 seconds
  Import took 0.040786 seconds .

========================================================================
Received Import Request.
  Time since last request: 72.862383 seconds.
  path: Assets/Input/PlayerInput.inputactions
  artifactKey: Guid(5786f05032f778a49951d93bc22ef46c) Importer(815301076,1909f56bfc062723c751e8b465ee728b)
Start importing Assets/Input/PlayerInput.inputactions using Guid(5786f05032f778a49951d93bc22ef46c) Importer(815301076,1909f56bfc062723c751e8b465ee728b)  -> (artifact id: '41bbb670faf0b7c20256caa267c51a3e') in 0.009161 seconds
  Import took 0.012996 seconds .

========================================================================
Received Import Request.
  Time since last request: 243.942821 seconds.
  path: Assets/Input/PlayerInput.inputactions
  artifactKey: Guid(5786f05032f778a49951d93bc22ef46c) Importer(815301076,1909f56bfc062723c751e8b465ee728b)
Start importing Assets/Input/PlayerInput.inputactions using Guid(5786f05032f778a49951d93bc22ef46c) Importer(815301076,1909f56bfc062723c751e8b465ee728b)  -> (artifact id: 'ec37ed2dadf82678100a322fe0e81648') in 0.014894 seconds
  Import took 0.019155 seconds .

========================================================================
Received Import Request.
  Time since last request: 93.664818 seconds.
  path: Assets/Input/PlayerInput.cs
  artifactKey: Guid(9273a1a7adfbffc418e80fdfc082bae8) Importer(815301076,1909f56bfc062723c751e8b465ee728b)
Start importing Assets/Input/PlayerInput.cs using Guid(9273a1a7adfbffc418e80fdfc082bae8) Importer(815301076,1909f56bfc062723c751e8b465ee728b)  -> (artifact id: '663fd4a36ce6ca911cf497211be21e51') in 0.003321 seconds
  Import took 0.006769 seconds .

========================================================================
Received Import Request.
  Time since last request: 0.028758 seconds.
  path: Assets/Input/PlayerInput.cs
  artifactKey: Guid(9273a1a7adfbffc418e80fdfc082bae8) Importer(815301076,1909f56bfc062723c751e8b465ee728b)
Start importing Assets/Input/PlayerInput.cs using Guid(9273a1a7adfbffc418e80fdfc082bae8) Importer(815301076,1909f56bfc062723c751e8b465ee728b)  -> (artifact id: '663fd4a36ce6ca911cf497211be21e51') in 0.004062 seconds
  Import took 0.007660 seconds .

========================================================================
Received Import Request.
  Time since last request: 89.444857 seconds.
  path: Assets/Input/PlayerInputs.inputactions
  artifactKey: Guid(5786f05032f778a49951d93bc22ef46c) Importer(815301076,1909f56bfc062723c751e8b465ee728b)
Start importing Assets/Input/PlayerInputs.inputactions using Guid(5786f05032f778a49951d93bc22ef46c) Importer(815301076,1909f56bfc062723c751e8b465ee728b)  -> (artifact id: 'dbe7b822c76028e569b3c1153af1b521') in 0.021244 seconds
  Import took 0.031850 seconds .

========================================================================
Received Import Request.
  Time since last request: 6.574172 seconds.
  path: Assets/Input/PlayerInputs.cs
  artifactKey: Guid(4d51ed89d8a0894458c25f2f7732ea7b) Importer(815301076,1909f56bfc062723c751e8b465ee728b)
Start importing Assets/Input/PlayerInputs.cs using Guid(4d51ed89d8a0894458c25f2f7732ea7b) Importer(815301076,1909f56bfc062723c751e8b465ee728b)  -> (artifact id: 'c18e3fe9e0340f1815bb4194b9e6dcf0') in 0.003808 seconds
  Import took 0.011699 seconds .

========================================================================
Received Import Request.
  Time since last request: 0.002020 seconds.
  path: Assets/Input/PlayerInputs.cs
  artifactKey: Guid(4d51ed89d8a0894458c25f2f7732ea7b) Importer(815301076,1909f56bfc062723c751e8b465ee728b)
Start importing Assets/Input/PlayerInputs.cs using Guid(4d51ed89d8a0894458c25f2f7732ea7b) Importer(815301076,1909f56bfc062723c751e8b465ee728b)  -> (artifact id: 'c18e3fe9e0340f1815bb4194b9e6dcf0') in 0.003798 seconds
  Import took 0.007420 seconds .

========================================================================
Received Prepare
Registering precompiled user dll's ...
Registered in 0.001152 seconds.
Begin MonoManager ReloadAssembly
Native extension for WindowsStandalone target not found
Native extension for WebGL target not found
Refreshing native plugins compatible for Editor in 0.37 ms, found 0 plugins.
Preloading 0 native plugins for Editor in 0.00 ms.
Warning: Annotation not found!
UnityEngine.StackTraceUtility:ExtractStackTrace ()
UnityEditor.ProBuilder.EditorUtility:SetGizmoIconEnabled (System.Type,bool) (at Library/PackageCache/com.unity.probuilder@4.4.0/Editor/EditorCore/EditorUtility.cs:593)
UnityEditor.ProBuilder.HierarchyListener:.cctor () (at Library/PackageCache/com.unity.probuilder@4.4.0/Editor/EditorCore/HierarchyListener.cs:21)
System.Runtime.CompilerServices.RuntimeHelpers:RunClassConstructor (System.RuntimeTypeHandle)
UnityEditor.EditorAssemblies:ProcessInitializeOnLoadAttributes (System.Type[])

[Library/PackageCache/com.unity.probuilder@4.4.0/Editor/EditorCore/EditorUtility.cs line 593]

Invoked RoslynAnalysisRunner static constructor.
RoslynAnalysisRunner will not be running.
RoslynAnalysisRunner has terminated.
Mono: successfully reloaded assembly
- Completed reload, in  1.001 seconds
Platform modules already initialized, skipping
Refreshing native plugins compatible for Editor in 0.36 ms, found 0 plugins.
Preloading 0 native plugins for Editor in 0.00 ms.
Unloading 1874 Unused Serialized files (Serialized files now loaded: 0)
System memory in use before: 104.1 MB.
System memory in use after: 104.2 MB.

Unloading 8 unused Assets to reduce memory usage. Loaded Objects now: 2419.
Total: 2.667300 ms (FindLiveObjects: 0.277000 ms CreateObjectMapping: 0.093400 ms MarkObjects: 2.174900 ms  DeleteObjects: 0.120900 ms)

========================================================================
Received Import Request.
  Time since last request: 230.959736 seconds.
  path: Assets/Animations
  artifactKey: Guid(e294607154194ab4a84ad0e4d0321658) Importer(815301076,1909f56bfc062723c751e8b465ee728b)
Start importing Assets/Animations using Guid(e294607154194ab4a84ad0e4d0321658) Importer(815301076,1909f56bfc062723c751e8b465ee728b)  -> (artifact id: '78728b8022ecafed2d59c3c2002945ff') in 0.012293 seconds
  Import took 0.016490 seconds .

========================================================================
Received Import Request.
  Time since last request: 4.865827 seconds.
  path: Assets/Animations/Character
  artifactKey: Guid(9a02173b1c3f13445bc4a55c7f2ab66a) Importer(815301076,1909f56bfc062723c751e8b465ee728b)
Start importing Assets/Animations/Character using Guid(9a02173b1c3f13445bc4a55c7f2ab66a) Importer(815301076,1909f56bfc062723c751e8b465ee728b)  -> (artifact id: '6b06cbaf7c8f1c4a2c052df72f8e6ed3') in 0.004071 seconds
  Import took 0.007718 seconds .

========================================================================
Received Import Request.
  Time since last request: 269.093351 seconds.
  path: Assets/Animations/Character/idle.fbx
  artifactKey: Guid(c8dda2387f54a824ca545537a105bb25) Importer(815301076,1909f56bfc062723c751e8b465ee728b)
Start importing Assets/Animations/Character/idle.fbx using Guid(c8dda2387f54a824ca545537a105bb25) Importer(815301076,1909f56bfc062723c751e8b465ee728b)  -> (artifact id: 'fbb1ccc99c6e7361eb86025d4bf38224') in 0.026238 seconds
  Import took 0.030426 seconds .

========================================================================
Received Import Request.
  Time since last request: 0.000310 seconds.
  path: Assets/Animations/Character/right strafe walking.fbx
  artifactKey: Guid(72298db981211984eae767eff31300e0) Importer(815301076,1909f56bfc062723c751e8b465ee728b)
Start importing Assets/Animations/Character/right strafe walking.fbx using Guid(72298db981211984eae767eff31300e0) Importer(815301076,1909f56bfc062723c751e8b465ee728b)  -> (artifact id: '823439b290ef1eadf7c53f5b222997fb') in 0.012179 seconds
  Import took 0.015800 seconds .

========================================================================
Received Import Request.
  Time since last request: 0.000227 seconds.
  path: Assets/Animations/Character/running.fbx
  artifactKey: Guid(d26211fa6e906ec4d97c8efe122058ab) Importer(815301076,1909f56bfc062723c751e8b465ee728b)
Start importing Assets/Animations/Character/running.fbx using Guid(d26211fa6e906ec4d97c8efe122058ab) Importer(815301076,1909f56bfc062723c751e8b465ee728b)  -> (artifact id: 'cce2d26188190908ab72014edceb9bab') in 0.011734 seconds
  Import took 0.016946 seconds .

========================================================================
Received Import Request.
  Time since last request: 0.000360 seconds.
  path: Assets/Animations/Character/left strafe walking.fbx
  artifactKey: Guid(702d3d89e38c9124daf46a0b373c51b0) Importer(815301076,1909f56bfc062723c751e8b465ee728b)
Start importing Assets/Animations/Character/left strafe walking.fbx using Guid(702d3d89e38c9124daf46a0b373c51b0) Importer(815301076,1909f56bfc062723c751e8b465ee728b)  -> (artifact id: '6725bb6fb1d546861c4058729fb4314e') in 0.012288 seconds
  Import took 0.016450 seconds .

========================================================================
Received Import Request.
  Time since last request: 0.000287 seconds.
  path: Assets/Animations/Character/walking.fbx
  artifactKey: Guid(89173193cabe99147bd71dd99e0a2622) Importer(815301076,1909f56bfc062723c751e8b465ee728b)
Start importing Assets/Animations/Character/walking.fbx using Guid(89173193cabe99147bd71dd99e0a2622) Importer(815301076,1909f56bfc062723c751e8b465ee728b)  -> (artifact id: '03b7f4ed52cf32dc7e18e010a8827bd7') in 0.009760 seconds
  Import took 0.013335 seconds .

========================================================================
Received Import Request.
  Time since last request: 0.000271 seconds.
  path: Assets/Animations/Character/left turn.fbx
  artifactKey: Guid(fba7a1a168db1664490224af2ed3ef8a) Importer(815301076,1909f56bfc062723c751e8b465ee728b)
Start importing Assets/Animations/Character/left turn.fbx using Guid(fba7a1a168db1664490224af2ed3ef8a) Importer(815301076,1909f56bfc062723c751e8b465ee728b)  -> (artifact id: '308e650b13eac8f14de1c6001bd8d2f6') in 0.010181 seconds
  Import took 0.013727 seconds .

========================================================================
Received Import Request.
  Time since last request: 0.000274 seconds.
  path: Assets/Animations/Character/right strafe.fbx
  artifactKey: Guid(34830b7330f44fd42b496d7e2e9b19c3) Importer(815301076,1909f56bfc062723c751e8b465ee728b)
Start importing Assets/Animations/Character/right strafe.fbx using Guid(34830b7330f44fd42b496d7e2e9b19c3) Importer(815301076,1909f56bfc062723c751e8b465ee728b)  -> (artifact id: '05580babd81ce72bf9646a6135d7a3a8') in 0.015039 seconds
  Import took 0.019080 seconds .

========================================================================
Received Import Request.
  Time since last request: 0.000299 seconds.
  path: Assets/Animations/Character/left strafe.fbx
  artifactKey: Guid(7a38d4756f3e2b64e983f7160c5bd89e) Importer(815301076,1909f56bfc062723c751e8b465ee728b)
Start importing Assets/Animations/Character/left strafe.fbx using Guid(7a38d4756f3e2b64e983f7160c5bd89e) Importer(815301076,1909f56bfc062723c751e8b465ee728b)  -> (artifact id: '04432001d85969e5e55eded00e9b46fc') in 0.014087 seconds
  Import took 0.018462 seconds .

========================================================================
Received Import Request.
  Time since last request: 0.000262 seconds.
  path: Assets/Animations/Character/right turn.fbx
  artifactKey: Guid(673c27328ae0b1d47b49bfdef60542d8) Importer(815301076,1909f56bfc062723c751e8b465ee728b)
Start importing Assets/Animations/Character/right turn.fbx using Guid(673c27328ae0b1d47b49bfdef60542d8) Importer(815301076,1909f56bfc062723c751e8b465ee728b)  -> (artifact id: 'f9a55bc03e03b04e5a02452b743ee69f') in 0.014254 seconds
  Import took 0.018760 seconds .

========================================================================
Received Import Request.
  Time since last request: 15.413455 seconds.
  path: Assets/Animations/Character/idle.fbx
  artifactKey: Guid(c8dda2387f54a824ca545537a105bb25) Importer(815301076,1909f56bfc062723c751e8b465ee728b)
Start importing Assets/Animations/Character/idle.fbx using Guid(c8dda2387f54a824ca545537a105bb25) Importer(815301076,1909f56bfc062723c751e8b465ee728b)  -> (artifact id: '9f2bf0ada1bd2738d113f15d9a13dc42') in 0.008770 seconds
  Import took 0.012575 seconds .

========================================================================
Received Import Request.
  Time since last request: 0.000204 seconds.
  path: Assets/Animations/Character/right strafe walking.fbx
  artifactKey: Guid(72298db981211984eae767eff31300e0) Importer(815301076,1909f56bfc062723c751e8b465ee728b)
Start importing Assets/Animations/Character/right strafe walking.fbx using Guid(72298db981211984eae767eff31300e0) Importer(815301076,1909f56bfc062723c751e8b465ee728b)  -> (artifact id: '02d55b1a230c75a98cdff96db454b36c') in 0.009311 seconds
  Import took 0.020790 seconds .

========================================================================
Received Import Request.
  Time since last request: 0.000230 seconds.
  path: Assets/Animations/Character/running.fbx
  artifactKey: Guid(d26211fa6e906ec4d97c8efe122058ab) Importer(815301076,1909f56bfc062723c751e8b465ee728b)
Start importing Assets/Animations/Character/running.fbx using Guid(d26211fa6e906ec4d97c8efe122058ab) Importer(815301076,1909f56bfc062723c751e8b465ee728b)  -> (artifact id: 'bfdcda09f645a35819eb10da0ee03cb0') in 0.010452 seconds
  Import took 0.023887 seconds .

========================================================================
Received Import Request.
  Time since last request: 0.000184 seconds.
  path: Assets/Animations/Character/left strafe walking.fbx
  artifactKey: Guid(702d3d89e38c9124daf46a0b373c51b0) Importer(815301076,1909f56bfc062723c751e8b465ee728b)
Start importing Assets/Animations/Character/left strafe walking.fbx using Guid(702d3d89e38c9124daf46a0b373c51b0) Importer(815301076,1909f56bfc062723c751e8b465ee728b)  -> (artifact id: '79ff4b711d90f6946bdca6425c74a0f3') in 0.006536 seconds
  Import took 0.010960 seconds .

========================================================================
Received Import Request.
  Time since last request: 0.000236 seconds.
  path: Assets/Animations/Character/walking.fbx
  artifactKey: Guid(89173193cabe99147bd71dd99e0a2622) Importer(815301076,1909f56bfc062723c751e8b465ee728b)
Start importing Assets/Animations/Character/walking.fbx using Guid(89173193cabe99147bd71dd99e0a2622) Importer(815301076,1909f56bfc062723c751e8b465ee728b)  -> (artifact id: 'f3f9223ee077a12d53e46a7f4c60b4db') in 0.007100 seconds
  Import took 0.010758 seconds .

========================================================================
Received Import Request.
  Time since last request: 0.000243 seconds.
  path: Assets/Animations/Character/left strafe walking.fbx
  artifactKey: Guid(702d3d89e38c9124daf46a0b373c51b0) Importer(815301076,1909f56bfc062723c751e8b465ee728b)
Start importing Assets/Animations/Character/left strafe walking.fbx using Guid(702d3d89e38c9124daf46a0b373c51b0) Importer(815301076,1909f56bfc062723c751e8b465ee728b)  -> (artifact id: '79ff4b711d90f6946bdca6425c74a0f3') in 0.007306 seconds
  Import took 0.010949 seconds .

========================================================================
Received Import Request.
  Time since last request: 0.000174 seconds.
  path: Assets/Animations/Character/left turn.fbx
  artifactKey: Guid(fba7a1a168db1664490224af2ed3ef8a) Importer(815301076,1909f56bfc062723c751e8b465ee728b)
Start importing Assets/Animations/Character/left turn.fbx using Guid(fba7a1a168db1664490224af2ed3ef8a) Importer(815301076,1909f56bfc062723c751e8b465ee728b)  -> (artifact id: '9d273fb93ee71b3cfb1fe8134b9384cc') in 0.006905 seconds
  Import took 0.010883 seconds .

========================================================================
Received Import Request.
  Time since last request: 0.000200 seconds.
  path: Assets/Animations/Character/right strafe.fbx
  artifactKey: Guid(34830b7330f44fd42b496d7e2e9b19c3) Importer(815301076,1909f56bfc062723c751e8b465ee728b)
Start importing Assets/Animations/Character/right strafe.fbx using Guid(34830b7330f44fd42b496d7e2e9b19c3) Importer(815301076,1909f56bfc062723c751e8b465ee728b)  -> (artifact id: '96dbde08cfb6ea6760d4c4d1650881ef') in 0.007316 seconds
  Import took 0.011093 seconds .

========================================================================
Received Import Request.
  Time since last request: 0.000214 seconds.
  path: Assets/Animations/Character/left strafe.fbx
  artifactKey: Guid(7a38d4756f3e2b64e983f7160c5bd89e) Importer(815301076,1909f56bfc062723c751e8b465ee728b)
Start importing Assets/Animations/Character/left strafe.fbx using Guid(7a38d4756f3e2b64e983f7160c5bd89e) Importer(815301076,1909f56bfc062723c751e8b465ee728b)  -> (artifact id: 'c803f2628c8dfc7a60b9e58666859b39') in 0.006800 seconds
  Import took 0.010688 seconds .

========================================================================
Received Import Request.
  Time since last request: 0.000241 seconds.
  path: Assets/Animations/Character/right turn.fbx
  artifactKey: Guid(673c27328ae0b1d47b49bfdef60542d8) Importer(815301076,1909f56bfc062723c751e8b465ee728b)
Start importing Assets/Animations/Character/right turn.fbx using Guid(673c27328ae0b1d47b49bfdef60542d8) Importer(815301076,1909f56bfc062723c751e8b465ee728b)  -> (artifact id: 'a353f0733c3e2e710291ca53f2678bb1') in 0.007123 seconds
  Import took 0.011124 seconds .

========================================================================
Received Import Request.
  Time since last request: 15.190204 seconds.
  path: Assets/Animations/Character/idle.fbx
  artifactKey: Guid(c8dda2387f54a824ca545537a105bb25) Importer(815301076,1909f56bfc062723c751e8b465ee728b)
Start importing Assets/Animations/Character/idle.fbx using Guid(c8dda2387f54a824ca545537a105bb25) Importer(815301076,1909f56bfc062723c751e8b465ee728b)  -> (artifact id: '749d7107bee5f7e6a549f64a16bdd560') in 0.008389 seconds
  Import took 0.012055 seconds .

========================================================================
Received Import Request.
  Time since last request: 0.001104 seconds.
  path: Assets/Animations/Character/idle.fbx
  artifactKey: Guid(c8dda2387f54a824ca545537a105bb25) Importer(815301076,1909f56bfc062723c751e8b465ee728b)
Start importing Assets/Animations/Character/idle.fbx using Guid(c8dda2387f54a824ca545537a105bb25) Importer(815301076,1909f56bfc062723c751e8b465ee728b)  -> (artifact id: '749d7107bee5f7e6a549f64a16bdd560') in 0.008167 seconds
  Import took 0.011871 seconds .

========================================================================
Received Import Request.
  Time since last request: 15.150733 seconds.
  path: Assets/Animations/Character/left strafe walking.fbx
  artifactKey: Guid(702d3d89e38c9124daf46a0b373c51b0) Importer(815301076,1909f56bfc062723c751e8b465ee728b)
Start importing Assets/Animations/Character/left strafe walking.fbx using Guid(702d3d89e38c9124daf46a0b373c51b0) Importer(815301076,1909f56bfc062723c751e8b465ee728b)  -> (artifact id: '94ca92e677c4075701c519f945183992') in 0.007234 seconds
  Import took 0.011142 seconds .

========================================================================
Received Import Request.
  Time since last request: 10.262349 seconds.
  path: Assets/Animations/Character/left strafe walking.fbx
  artifactKey: Guid(702d3d89e38c9124daf46a0b373c51b0) Importer(815301076,1909f56bfc062723c751e8b465ee728b)
Start importing Assets/Animations/Character/left strafe walking.fbx using Guid(702d3d89e38c9124daf46a0b373c51b0) Importer(815301076,1909f56bfc062723c751e8b465ee728b)  -> (artifact id: '6d00cb4b48d7c0f820da4788aea796fa') in 0.009579 seconds
  Import took 0.013780 seconds .

========================================================================
Received Import Request.
  Time since last request: 0.001273 seconds.
  path: Assets/Animations/Character/left strafe walking.fbx
  artifactKey: Guid(702d3d89e38c9124daf46a0b373c51b0) Importer(815301076,1909f56bfc062723c751e8b465ee728b)
Start importing Assets/Animations/Character/left strafe walking.fbx using Guid(702d3d89e38c9124daf46a0b373c51b0) Importer(815301076,1909f56bfc062723c751e8b465ee728b)  -> (artifact id: '6d00cb4b48d7c0f820da4788aea796fa') in 0.008284 seconds
  Import took 0.013975 seconds .

========================================================================
Received Import Request.
  Time since last request: 8.489393 seconds.
  path: Assets/Animations/Character/left strafe.fbx
  artifactKey: Guid(7a38d4756f3e2b64e983f7160c5bd89e) Importer(815301076,1909f56bfc062723c751e8b465ee728b)
Start importing Assets/Animations/Character/left strafe.fbx using Guid(7a38d4756f3e2b64e983f7160c5bd89e) Importer(815301076,1909f56bfc062723c751e8b465ee728b)  -> (artifact id: '184419e42980c0023dae9309e9ab9875') in 0.008128 seconds
  Import took 0.012348 seconds .

========================================================================
Received Import Request.
  Time since last request: 0.000330 seconds.
  path: Assets/Animations/Character/left strafe.fbx
  artifactKey: Guid(7a38d4756f3e2b64e983f7160c5bd89e) Importer(815301076,1909f56bfc062723c751e8b465ee728b)
Start importing Assets/Animations/Character/left strafe.fbx using Guid(7a38d4756f3e2b64e983f7160c5bd89e) Importer(815301076,1909f56bfc062723c751e8b465ee728b)  -> (artifact id: '184419e42980c0023dae9309e9ab9875') in 0.007420 seconds
  Import took 0.011442 seconds .

========================================================================
Received Import Request.
  Time since last request: 41.607825 seconds.
  path: Assets/Animations/Character/left turn.fbx
  artifactKey: Guid(fba7a1a168db1664490224af2ed3ef8a) Importer(815301076,1909f56bfc062723c751e8b465ee728b)
Start importing Assets/Animations/Character/left turn.fbx using Guid(fba7a1a168db1664490224af2ed3ef8a) Importer(815301076,1909f56bfc062723c751e8b465ee728b)  -> (artifact id: 'dde76bb122035e9c253e66eff87466a5') in 0.007418 seconds
  Import took 0.011049 seconds .

========================================================================
Received Import Request.
  Time since last request: 0.000714 seconds.
  path: Assets/Animations/Character/left turn.fbx
  artifactKey: Guid(fba7a1a168db1664490224af2ed3ef8a) Importer(815301076,1909f56bfc062723c751e8b465ee728b)
Start importing Assets/Animations/Character/left turn.fbx using Guid(fba7a1a168db1664490224af2ed3ef8a) Importer(815301076,1909f56bfc062723c751e8b465ee728b)  -> (artifact id: 'dde76bb122035e9c253e66eff87466a5') in 0.010693 seconds
  Import took 0.014875 seconds .

========================================================================
Received Import Request.
  Time since last request: 18.203479 seconds.
  path: Assets/Animations/Character/right strafe walking.fbx
  artifactKey: Guid(72298db981211984eae767eff31300e0) Importer(815301076,1909f56bfc062723c751e8b465ee728b)
Start importing Assets/Animations/Character/right strafe walking.fbx using Guid(72298db981211984eae767eff31300e0) Importer(815301076,1909f56bfc062723c751e8b465ee728b)  -> (artifact id: 'b94101558a18cc1c1a4f8dc1dd7e5bc9') in 0.007178 seconds
  Import took 0.011206 seconds .

========================================================================
Received Import Request.
  Time since last request: 7.202390 seconds.
  path: Assets/Animations/Character/right strafe.fbx
  artifactKey: Guid(34830b7330f44fd42b496d7e2e9b19c3) Importer(815301076,1909f56bfc062723c751e8b465ee728b)
Start importing Assets/Animations/Character/right strafe.fbx using Guid(34830b7330f44fd42b496d7e2e9b19c3) Importer(815301076,1909f56bfc062723c751e8b465ee728b)  -> (artifact id: 'fcb79c17d0d55a614c64b68970d2ff84') in 0.007155 seconds
  Import took 0.011511 seconds .

========================================================================
Received Import Request.
  Time since last request: 7.368388 seconds.
  path: Assets/Animations/Character/right turn.fbx
  artifactKey: Guid(673c27328ae0b1d47b49bfdef60542d8) Importer(815301076,1909f56bfc062723c751e8b465ee728b)
Start importing Assets/Animations/Character/right turn.fbx using Guid(673c27328ae0b1d47b49bfdef60542d8) Importer(815301076,1909f56bfc062723c751e8b465ee728b)  -> (artifact id: '7e02645cb24b92306729b52f109e33a1') in 0.007453 seconds
  Import took 0.011273 seconds .

========================================================================
Received Import Request.
  Time since last request: 9.887529 seconds.
  path: Assets/Animations/Character/running.fbx
  artifactKey: Guid(d26211fa6e906ec4d97c8efe122058ab) Importer(815301076,1909f56bfc062723c751e8b465ee728b)
Start importing Assets/Animations/Character/running.fbx using Guid(d26211fa6e906ec4d97c8efe122058ab) Importer(815301076,1909f56bfc062723c751e8b465ee728b)  -> (artifact id: '99a86c52d45d7f5f185b95fb10a4b8fe') in 0.007356 seconds
  Import took 0.021547 seconds .

========================================================================
Received Import Request.
  Time since last request: 5.840936 seconds.
  path: Assets/Animations/Character/walking.fbx
  artifactKey: Guid(89173193cabe99147bd71dd99e0a2622) Importer(815301076,1909f56bfc062723c751e8b465ee728b)
Start importing Assets/Animations/Character/walking.fbx using Guid(89173193cabe99147bd71dd99e0a2622) Importer(815301076,1909f56bfc062723c751e8b465ee728b)  -> (artifact id: '8fabecb7f86f51824d531d6119e34f1b') in 0.006710 seconds
  Import took 0.010526 seconds .

========================================================================
Received Import Request.
  Time since last request: 0.001462 seconds.
  path: Assets/Animations/Character/walking.fbx
  artifactKey: Guid(89173193cabe99147bd71dd99e0a2622) Importer(815301076,1909f56bfc062723c751e8b465ee728b)
Start importing Assets/Animations/Character/walking.fbx using Guid(89173193cabe99147bd71dd99e0a2622) Importer(815301076,1909f56bfc062723c751e8b465ee728b)  -> (artifact id: '8fabecb7f86f51824d531d6119e34f1b') in 0.008010 seconds
  Import took 0.012313 seconds .

========================================================================
Received Import Request.
  Time since last request: 12.238673 seconds.
  path: Assets/Animations/Character/Idle.anim
  artifactKey: Guid(2e2b90b008ee7374db3c464d5d8baa26) Importer(815301076,1909f56bfc062723c751e8b465ee728b)
Start importing Assets/Animations/Character/Idle.anim using Guid(2e2b90b008ee7374db3c464d5d8baa26) Importer(815301076,1909f56bfc062723c751e8b465ee728b)  -> (artifact id: '3782e2baa79712273e3a77ada1b602c8') in 0.020518 seconds
  Import took 0.024456 seconds .

========================================================================
Received Import Request.
  Time since last request: 0.003959 seconds.
  path: Assets/Animations/Character/Idle.anim
  artifactKey: Guid(2e2b90b008ee7374db3c464d5d8baa26) Importer(815301076,1909f56bfc062723c751e8b465ee728b)
Start importing Assets/Animations/Character/Idle.anim using Guid(2e2b90b008ee7374db3c464d5d8baa26) Importer(815301076,1909f56bfc062723c751e8b465ee728b)  -> (artifact id: '3782e2baa79712273e3a77ada1b602c8') in 0.014041 seconds
  Import took 0.017361 seconds .

========================================================================
Received Import Request.
  Time since last request: 9.754956 seconds.
  path: Assets/Animations/Character/Originals
  artifactKey: Guid(b0d07633276af4e49b93e81e656e0ac8) Importer(815301076,1909f56bfc062723c751e8b465ee728b)
Start importing Assets/Animations/Character/Originals using Guid(b0d07633276af4e49b93e81e656e0ac8) Importer(815301076,1909f56bfc062723c751e8b465ee728b)  -> (artifact id: 'fd246fc51cf9e8e9135c1a867e2073f1') in 0.007796 seconds
  Import took 0.011225 seconds .

========================================================================
Received Import Request.
  Time since last request: 35.178131 seconds.
  path: Assets/Animations/Character/PlayerAnimatoins.controller
  artifactKey: Guid(4aa1bed8bb614ab4eb8522b43155c642) Importer(815301076,1909f56bfc062723c751e8b465ee728b)
Start importing Assets/Animations/Character/PlayerAnimatoins.controller using Guid(4aa1bed8bb614ab4eb8522b43155c642) Importer(815301076,1909f56bfc062723c751e8b465ee728b)  -> (artifact id: 'aad25c458b47013b8568d75707333075') in 0.012506 seconds
  Import took 0.015936 seconds .

========================================================================
Received Import Request.
  Time since last request: 11.037480 seconds.
  path: Assets/Animations/Character/PlayerAnimations.controller
  artifactKey: Guid(4aa1bed8bb614ab4eb8522b43155c642) Importer(815301076,1909f56bfc062723c751e8b465ee728b)
Start importing Assets/Animations/Character/PlayerAnimations.controller using Guid(4aa1bed8bb614ab4eb8522b43155c642) Importer(815301076,1909f56bfc062723c751e8b465ee728b)  -> (artifact id: '9d118370008cb941e0e2f74cc51acce4') in 0.008218 seconds
  Import took 0.011411 seconds .

========================================================================
Received Import Request.
  Time since last request: 172.601889 seconds.
  path: Assets/Animations/Character/walkBackwards.fbx
  artifactKey: Guid(4b26c44f5990e614dbf4f23bf076c907) Importer(815301076,1909f56bfc062723c751e8b465ee728b)
Start importing Assets/Animations/Character/walkBackwards.fbx using Guid(4b26c44f5990e614dbf4f23bf076c907) Importer(815301076,1909f56bfc062723c751e8b465ee728b)  -> (artifact id: '49c4c4ee2052d442cd32e21cdde387cf') in 0.013942 seconds
  Import took 0.020141 seconds .

========================================================================
Received Import Request.
  Time since last request: 10.351706 seconds.
  path: Assets/Animations/Character/walkBackwards.fbx
  artifactKey: Guid(4b26c44f5990e614dbf4f23bf076c907) Importer(815301076,1909f56bfc062723c751e8b465ee728b)
Start importing Assets/Animations/Character/walkBackwards.fbx using Guid(4b26c44f5990e614dbf4f23bf076c907) Importer(815301076,1909f56bfc062723c751e8b465ee728b)  -> (artifact id: '3b180c5e7021d7e21e95251774c0806e') in 0.008531 seconds
  Import took 0.013075 seconds .

========================================================================
Received Import Request.
  Time since last request: 18.754019 seconds.
  path: Assets/Animations/Character/walkBackwards.fbx
  artifactKey: Guid(4b26c44f5990e614dbf4f23bf076c907) Importer(815301076,1909f56bfc062723c751e8b465ee728b)
Start importing Assets/Animations/Character/walkBackwards.fbx using Guid(4b26c44f5990e614dbf4f23bf076c907) Importer(815301076,1909f56bfc062723c751e8b465ee728b)  -> (artifact id: '1fe080f51e2fca913c65129b9c1499b9') in 0.007515 seconds
  Import took 0.011392 seconds .

========================================================================
Received Import Request.
  Time since last request: 0.000790 seconds.
  path: Assets/Animations/Character/walkBackwards.fbx
  artifactKey: Guid(4b26c44f5990e614dbf4f23bf076c907) Importer(815301076,1909f56bfc062723c751e8b465ee728b)
Start importing Assets/Animations/Character/walkBackwards.fbx using Guid(4b26c44f5990e614dbf4f23bf076c907) Importer(815301076,1909f56bfc062723c751e8b465ee728b)  -> (artifact id: '1fe080f51e2fca913c65129b9c1499b9') in 0.009186 seconds
  Import took 0.012700 seconds .

========================================================================
Received Import Request.
  Time since last request: 28.666176 seconds.
  path: Assets/Animations/Character/RunBackwards.fbx
  artifactKey: Guid(4479d33ee3106684a8dd85bb25f8737b) Importer(815301076,1909f56bfc062723c751e8b465ee728b)
Start importing Assets/Animations/Character/RunBackwards.fbx using Guid(4479d33ee3106684a8dd85bb25f8737b) Importer(815301076,1909f56bfc062723c751e8b465ee728b)  -> (artifact id: 'ceb502d37392122b7c80ad4fea966a5e') in 0.014389 seconds
  Import took 0.025025 seconds .

========================================================================
Received Import Request.
  Time since last request: 0.008236 seconds.
  path: Assets/Animations/Character/RunBackwards.fbx
  artifactKey: Guid(4479d33ee3106684a8dd85bb25f8737b) Importer(815301076,1909f56bfc062723c751e8b465ee728b)
Start importing Assets/Animations/Character/RunBackwards.fbx using Guid(4479d33ee3106684a8dd85bb25f8737b) Importer(815301076,1909f56bfc062723c751e8b465ee728b)  -> (artifact id: 'ceb502d37392122b7c80ad4fea966a5e') in 0.008022 seconds
  Import took 0.013019 seconds .

========================================================================
Received Import Request.
  Time since last request: 12.543371 seconds.
  path: Assets/Animations/Character/RunBackwards.fbx
  artifactKey: Guid(4479d33ee3106684a8dd85bb25f8737b) Importer(815301076,1909f56bfc062723c751e8b465ee728b)
Start importing Assets/Animations/Character/RunBackwards.fbx using Guid(4479d33ee3106684a8dd85bb25f8737b) Importer(815301076,1909f56bfc062723c751e8b465ee728b)  -> (artifact id: '52d0c8dafbca69be9addcd50007a8596') in 0.009290 seconds
  Import took 0.012983 seconds .

========================================================================
Received Import Request.
  Time since last request: 0.019221 seconds.
  path: Assets/Animations/Character/RunBackwards.fbx
  artifactKey: Guid(4479d33ee3106684a8dd85bb25f8737b) Importer(815301076,1909f56bfc062723c751e8b465ee728b)
Start importing Assets/Animations/Character/RunBackwards.fbx using Guid(4479d33ee3106684a8dd85bb25f8737b) Importer(815301076,1909f56bfc062723c751e8b465ee728b)  -> (artifact id: '52d0c8dafbca69be9addcd50007a8596') in 0.009793 seconds
  Import took 0.013748 seconds .

========================================================================
Received Import Request.
  Time since last request: 7.313341 seconds.
  path: Assets/Animations/Character/RunBackwards.fbx
  artifactKey: Guid(4479d33ee3106684a8dd85bb25f8737b) Importer(815301076,1909f56bfc062723c751e8b465ee728b)
Start importing Assets/Animations/Character/RunBackwards.fbx using Guid(4479d33ee3106684a8dd85bb25f8737b) Importer(815301076,1909f56bfc062723c751e8b465ee728b)  -> (artifact id: '77f58149ac97d7b95a73086fbb784110') in 0.007156 seconds
  Import took 0.011700 seconds .

========================================================================
Received Import Request.
  Time since last request: 6.875326 seconds.
  path: Assets/Animations/Character/WalkBackwards.anim
  artifactKey: Guid(6546256bb5cd644489ac4f1ba6970d3a) Importer(815301076,1909f56bfc062723c751e8b465ee728b)
Start importing Assets/Animations/Character/WalkBackwards.anim using Guid(6546256bb5cd644489ac4f1ba6970d3a) Importer(815301076,1909f56bfc062723c751e8b465ee728b)  -> (artifact id: '81c961012f3a5e079b90fa9fb615c08d') in 0.019819 seconds
  Import took 0.031266 seconds .

========================================================================
Received Import Request.
  Time since last request: 0.001345 seconds.
  path: Assets/Animations/Character/WalkBackwards.anim
  artifactKey: Guid(6546256bb5cd644489ac4f1ba6970d3a) Importer(815301076,1909f56bfc062723c751e8b465ee728b)
Start importing Assets/Animations/Character/WalkBackwards.anim using Guid(6546256bb5cd644489ac4f1ba6970d3a) Importer(815301076,1909f56bfc062723c751e8b465ee728b)  -> (artifact id: '81c961012f3a5e079b90fa9fb615c08d') in 0.019323 seconds
  Import took 0.022794 seconds .

========================================================================
Received Import Request.
  Time since last request: 259.890463 seconds.
  path: Assets/Animations/Character/JogStrafeLeft.fbx
  artifactKey: Guid(f3c6ffcde7edd1944a3d3aef1c03b6f6) Importer(815301076,1909f56bfc062723c751e8b465ee728b)
Start importing Assets/Animations/Character/JogStrafeLeft.fbx using Guid(f3c6ffcde7edd1944a3d3aef1c03b6f6) Importer(815301076,1909f56bfc062723c751e8b465ee728b)  -> (artifact id: '58b0a4af1485858df3a7b8c73df32095') in 0.013362 seconds
  Import took 0.017972 seconds .

========================================================================
Received Import Request.
  Time since last request: 0.000340 seconds.
  path: Assets/Animations/Character/Strafe Right.fbx
  artifactKey: Guid(8ac7977ae9be9534693998d8beb9aa6b) Importer(815301076,1909f56bfc062723c751e8b465ee728b)
Start importing Assets/Animations/Character/Strafe Right.fbx using Guid(8ac7977ae9be9534693998d8beb9aa6b) Importer(815301076,1909f56bfc062723c751e8b465ee728b)  -> (artifact id: '12991c60536bf4cca72cc2542dcd8437') in 0.013381 seconds
  Import took 0.018557 seconds .

========================================================================
Received Import Request.
  Time since last request: 0.000224 seconds.
  path: Assets/Animations/Character/Strafe left.fbx
  artifactKey: Guid(8f25b37570095da46812d89753054507) Importer(815301076,1909f56bfc062723c751e8b465ee728b)
Start importing Assets/Animations/Character/Strafe left.fbx using Guid(8f25b37570095da46812d89753054507) Importer(815301076,1909f56bfc062723c751e8b465ee728b)  -> (artifact id: 'e2a5d4d09c87345ff51d2364547c63d4') in 0.011777 seconds
  Import took 0.029158 seconds .

========================================================================
Received Import Request.
  Time since last request: 0.000267 seconds.
  path: Assets/Animations/Character/JogStrafeRight.fbx
  artifactKey: Guid(7511ae696ec0a8e42b22863a44fdc024) Importer(815301076,1909f56bfc062723c751e8b465ee728b)
Start importing Assets/Animations/Character/JogStrafeRight.fbx using Guid(7511ae696ec0a8e42b22863a44fdc024) Importer(815301076,1909f56bfc062723c751e8b465ee728b)  -> (artifact id: '0373f527f6d8e1d816195e4bddf7f676') in 0.013338 seconds
  Import took 0.017077 seconds .

========================================================================
Received Import Request.
  Time since last request: 10.638815 seconds.
  path: Assets/Animations/Character/JogStrafeLeft.fbx
  artifactKey: Guid(f3c6ffcde7edd1944a3d3aef1c03b6f6) Importer(815301076,1909f56bfc062723c751e8b465ee728b)
Start importing Assets/Animations/Character/JogStrafeLeft.fbx using Guid(f3c6ffcde7edd1944a3d3aef1c03b6f6) Importer(815301076,1909f56bfc062723c751e8b465ee728b)  -> (artifact id: '455fa3fe7e7d0d00f127aa0902d52836') in 0.007666 seconds
  Import took 0.012352 seconds .

========================================================================
Received Import Request.
  Time since last request: 0.000254 seconds.
  path: Assets/Animations/Character/Strafe Right.fbx
  artifactKey: Guid(8ac7977ae9be9534693998d8beb9aa6b) Importer(815301076,1909f56bfc062723c751e8b465ee728b)
Start importing Assets/Animations/Character/Strafe Right.fbx using Guid(8ac7977ae9be9534693998d8beb9aa6b) Importer(815301076,1909f56bfc062723c751e8b465ee728b)  -> (artifact id: '5b6bb547886a90cfa9fa8726f1238721') in 0.008091 seconds
  Import took 0.012761 seconds .

========================================================================
Received Import Request.
  Time since last request: 0.000280 seconds.
  path: Assets/Animations/Character/Strafe left.fbx
  artifactKey: Guid(8f25b37570095da46812d89753054507) Importer(815301076,1909f56bfc062723c751e8b465ee728b)
Start importing Assets/Animations/Character/Strafe left.fbx using Guid(8f25b37570095da46812d89753054507) Importer(815301076,1909f56bfc062723c751e8b465ee728b)  -> (artifact id: 'c0be29e58e1720caeb0516891d9a4940') in 0.009985 seconds
  Import took 0.014358 seconds .

========================================================================
Received Import Request.
  Time since last request: 0.000268 seconds.
  path: Assets/Animations/Character/JogStrafeRight.fbx
  artifactKey: Guid(7511ae696ec0a8e42b22863a44fdc024) Importer(815301076,1909f56bfc062723c751e8b465ee728b)
Start importing Assets/Animations/Character/JogStrafeRight.fbx using Guid(7511ae696ec0a8e42b22863a44fdc024) Importer(815301076,1909f56bfc062723c751e8b465ee728b)  -> (artifact id: 'ac629e78875e451c18589a1ea0090789') in 0.010945 seconds
  Import took 0.014701 seconds .

========================================================================
Received Import Request.
  Time since last request: 18.809227 seconds.
  path: Assets/Animations/Character/JogStrafeLeft.fbx
  artifactKey: Guid(f3c6ffcde7edd1944a3d3aef1c03b6f6) Importer(815301076,1909f56bfc062723c751e8b465ee728b)
Start importing Assets/Animations/Character/JogStrafeLeft.fbx using Guid(f3c6ffcde7edd1944a3d3aef1c03b6f6) Importer(815301076,1909f56bfc062723c751e8b465ee728b)  -> (artifact id: 'cb1a4ff6f40870b37fd821a4a58885d8') in 0.008239 seconds
  Import took 0.012832 seconds .

========================================================================
Received Import Request.
  Time since last request: 0.000686 seconds.
  path: Assets/Animations/Character/JogStrafeLeft.fbx
  artifactKey: Guid(f3c6ffcde7edd1944a3d3aef1c03b6f6) Importer(815301076,1909f56bfc062723c751e8b465ee728b)
Start importing Assets/Animations/Character/JogStrafeLeft.fbx using Guid(f3c6ffcde7edd1944a3d3aef1c03b6f6) Importer(815301076,1909f56bfc062723c751e8b465ee728b)  -> (artifact id: 'cb1a4ff6f40870b37fd821a4a58885d8') in 0.009565 seconds
  Import took 0.013753 seconds .

========================================================================
Received Import Request.
  Time since last request: 10.287259 seconds.
  path: Assets/Animations/Character/JogStrafeRight.fbx
  artifactKey: Guid(7511ae696ec0a8e42b22863a44fdc024) Importer(815301076,1909f56bfc062723c751e8b465ee728b)
Start importing Assets/Animations/Character/JogStrafeRight.fbx using Guid(7511ae696ec0a8e42b22863a44fdc024) Importer(815301076,1909f56bfc062723c751e8b465ee728b)  -> (artifact id: '08e235ff312bba85d4696f3a03f8dabc') in 0.009380 seconds
  Import took 0.012778 seconds .

========================================================================
Received Import Request.
  Time since last request: 0.001017 seconds.
  path: Assets/Animations/Character/JogStrafeRight.fbx
  artifactKey: Guid(7511ae696ec0a8e42b22863a44fdc024) Importer(815301076,1909f56bfc062723c751e8b465ee728b)
Start importing Assets/Animations/Character/JogStrafeRight.fbx using Guid(7511ae696ec0a8e42b22863a44fdc024) Importer(815301076,1909f56bfc062723c751e8b465ee728b)  -> (artifact id: '08e235ff312bba85d4696f3a03f8dabc') in 0.009235 seconds
  Import took 0.013693 seconds .

========================================================================
Received Import Request.
  Time since last request: 9.789669 seconds.
  path: Assets/Animations/Character/Strafe left.fbx
  artifactKey: Guid(8f25b37570095da46812d89753054507) Importer(815301076,1909f56bfc062723c751e8b465ee728b)
Start importing Assets/Animations/Character/Strafe left.fbx using Guid(8f25b37570095da46812d89753054507) Importer(815301076,1909f56bfc062723c751e8b465ee728b)  -> (artifact id: '9fca9041b2948a44e32a5a198d0217e1') in 0.010187 seconds
  Import took 0.014342 seconds .

========================================================================
Received Import Request.
  Time since last request: 7.795375 seconds.
  path: Assets/Animations/Character/Strafe Right.fbx
  artifactKey: Guid(8ac7977ae9be9534693998d8beb9aa6b) Importer(815301076,1909f56bfc062723c751e8b465ee728b)
Start importing Assets/Animations/Character/Strafe Right.fbx using Guid(8ac7977ae9be9534693998d8beb9aa6b) Importer(815301076,1909f56bfc062723c751e8b465ee728b)  -> (artifact id: 'd8bace0305229315e200f6f977503bca') in 0.008775 seconds
  Import took 0.024222 seconds .

========================================================================
Received Import Request.
  Time since last request: 3.350817 seconds.
  path: Assets/Animations/Character/JogStrafeLeft.anim
  artifactKey: Guid(e251aa0144cc78f4581607cd4eec58e5) Importer(815301076,1909f56bfc062723c751e8b465ee728b)
Start importing Assets/Animations/Character/JogStrafeLeft.anim using Guid(e251aa0144cc78f4581607cd4eec58e5) Importer(815301076,1909f56bfc062723c751e8b465ee728b)  -> (artifact id: '8bf58435bc92b14d7fdddbcf26539fce') in 0.014814 seconds
  Import took 0.018682 seconds .

========================================================================
Received Import Request.
  Time since last request: 4.067639 seconds.
  path: Assets/Animations/Character/JogStrafeRight.anim
  artifactKey: Guid(7f6c82c862bba294db129c619c238bff) Importer(815301076,1909f56bfc062723c751e8b465ee728b)
Start importing Assets/Animations/Character/JogStrafeRight.anim using Guid(7f6c82c862bba294db129c619c238bff) Importer(815301076,1909f56bfc062723c751e8b465ee728b)  -> (artifact id: '3820d0a1492a8358fc752d05a46b0116') in 0.017560 seconds
  Import took 0.022710 seconds .

========================================================================
Received Import Request.
  Time since last request: 5.148344 seconds.
  path: Assets/Animations/Character/StrafeLeft.anim
  artifactKey: Guid(9c50c8d3818c0dd43879427117a55723) Importer(815301076,1909f56bfc062723c751e8b465ee728b)
Start importing Assets/Animations/Character/StrafeLeft.anim using Guid(9c50c8d3818c0dd43879427117a55723) Importer(815301076,1909f56bfc062723c751e8b465ee728b)  -> (artifact id: '57424e7e9f8f94dbd2f85b4a23246f4a') in 0.020333 seconds
  Import took 0.023894 seconds .

========================================================================
Received Import Request.
  Time since last request: 0.007240 seconds.
  path: Assets/Animations/Character/StrafeLeft.anim
  artifactKey: Guid(9c50c8d3818c0dd43879427117a55723) Importer(815301076,1909f56bfc062723c751e8b465ee728b)
Start importing Assets/Animations/Character/StrafeLeft.anim using Guid(9c50c8d3818c0dd43879427117a55723) Importer(815301076,1909f56bfc062723c751e8b465ee728b)  -> (artifact id: '57424e7e9f8f94dbd2f85b4a23246f4a') in 0.015236 seconds
  Import took 0.019242 seconds .

========================================================================
Received Import Request.
  Time since last request: 5.445585 seconds.
  path: Assets/Animations/Character/StrafeRight.anim
  artifactKey: Guid(6fb7bbe5f865d44429106d95f0cded69) Importer(815301076,1909f56bfc062723c751e8b465ee728b)
Start importing Assets/Animations/Character/StrafeRight.anim using Guid(6fb7bbe5f865d44429106d95f0cded69) Importer(815301076,1909f56bfc062723c751e8b465ee728b)  -> (artifact id: 'eb3f33b97f22152b993278084081cf2c') in 0.021428 seconds
  Import took 0.026254 seconds .

========================================================================
Received Import Request.
  Time since last request: 76.028697 seconds.
  path: Assets/Animations/Character/PlayerAnimations.controller
  artifactKey: Guid(4aa1bed8bb614ab4eb8522b43155c642) Importer(815301076,1909f56bfc062723c751e8b465ee728b)
Start importing Assets/Animations/Character/PlayerAnimations.controller using Guid(4aa1bed8bb614ab4eb8522b43155c642) Importer(815301076,1909f56bfc062723c751e8b465ee728b)  -> (artifact id: '0b2fce3af789aebc8e1a6f0da977a875') in 0.064198 seconds
  Import took 0.069195 seconds .

========================================================================
Received Import Request.
  Time since last request: 124.411681 seconds.
  path: Assets/Animations/Character/PlayerAnimations.controller
  artifactKey: Guid(4aa1bed8bb614ab4eb8522b43155c642) Importer(815301076,1909f56bfc062723c751e8b465ee728b)
Start importing Assets/Animations/Character/PlayerAnimations.controller using Guid(4aa1bed8bb614ab4eb8522b43155c642) Importer(815301076,1909f56bfc062723c751e8b465ee728b)  -> (artifact id: 'a27a3f0de71c364c9cf5a72a51a7f761') in 0.088291 seconds
  Import took 0.092635 seconds .

========================================================================
Received Import Request.
  Time since last request: 31.677003 seconds.
  path: Assets/Animations/Character/RunBackwards.anim
  artifactKey: Guid(38adc53de4365ab43a29cf9346cdd621) Importer(815301076,1909f56bfc062723c751e8b465ee728b)
Start importing Assets/Animations/Character/RunBackwards.anim using Guid(38adc53de4365ab43a29cf9346cdd621) Importer(815301076,1909f56bfc062723c751e8b465ee728b)  -> (artifact id: '3fbef5bbadc3f71801098afa306ab9ed') in 0.013285 seconds
  Import took 0.017139 seconds .

========================================================================
Received Import Request.
  Time since last request: 0.006718 seconds.
  path: Assets/Animations/Character/RunBackwards.anim
  artifactKey: Guid(38adc53de4365ab43a29cf9346cdd621) Importer(815301076,1909f56bfc062723c751e8b465ee728b)
Start importing Assets/Animations/Character/RunBackwards.anim using Guid(38adc53de4365ab43a29cf9346cdd621) Importer(815301076,1909f56bfc062723c751e8b465ee728b)  -> (artifact id: '3fbef5bbadc3f71801098afa306ab9ed') in 0.013451 seconds
  Import took 0.016802 seconds .

========================================================================
Received Import Request.
  Time since last request: 2.761079 seconds.
  path: Assets/Animations/Character/Running.anim
  artifactKey: Guid(52fbde52ea8308246a6df0aa406436f7) Importer(815301076,1909f56bfc062723c751e8b465ee728b)
Start importing Assets/Animations/Character/Running.anim using Guid(52fbde52ea8308246a6df0aa406436f7) Importer(815301076,1909f56bfc062723c751e8b465ee728b)  -> (artifact id: 'd9f86bcf5ab2b6c41e166eafa08fbef5') in 0.019357 seconds
  Import took 0.022870 seconds .

========================================================================
Received Import Request.
  Time since last request: 0.001113 seconds.
  path: Assets/Animations/Character/Running.anim
  artifactKey: Guid(52fbde52ea8308246a6df0aa406436f7) Importer(815301076,1909f56bfc062723c751e8b465ee728b)
Start importing Assets/Animations/Character/Running.anim using Guid(52fbde52ea8308246a6df0aa406436f7) Importer(815301076,1909f56bfc062723c751e8b465ee728b)  -> (artifact id: 'd9f86bcf5ab2b6c41e166eafa08fbef5') in 0.013407 seconds
  Import took 0.016620 seconds .

========================================================================
Received Import Request.
  Time since last request: 25.889782 seconds.
  path: Assets/Animations/Character/Walking.anim
  artifactKey: Guid(ab04e26ece0f842459da075ef198fed2) Importer(815301076,1909f56bfc062723c751e8b465ee728b)
Start importing Assets/Animations/Character/Walking.anim using Guid(ab04e26ece0f842459da075ef198fed2) Importer(815301076,1909f56bfc062723c751e8b465ee728b)  -> (artifact id: '0f8ca1ca9936184b2bd66e0a48ee5d9e') in 0.021989 seconds
  Import took 0.026882 seconds .

========================================================================
Received Import Request.
  Time since last request: 0.000437 seconds.
  path: Assets/Animations/Character/Walking.anim
  artifactKey: Guid(ab04e26ece0f842459da075ef198fed2) Importer(815301076,1909f56bfc062723c751e8b465ee728b)
Start importing Assets/Animations/Character/Walking.anim using Guid(ab04e26ece0f842459da075ef198fed2) Importer(815301076,1909f56bfc062723c751e8b465ee728b)  -> (artifact id: '0f8ca1ca9936184b2bd66e0a48ee5d9e') in 0.017112 seconds
  Import took 0.021239 seconds .

========================================================================
Received Prepare
Registering precompiled user dll's ...
Registered in 0.001805 seconds.
Begin MonoManager ReloadAssembly
Native extension for WindowsStandalone target not found
Native extension for WebGL target not found
Refreshing native plugins compatible for Editor in 0.36 ms, found 0 plugins.
Preloading 0 native plugins for Editor in 0.00 ms.
Warning: Annotation not found!
UnityEngine.StackTraceUtility:ExtractStackTrace ()
UnityEditor.ProBuilder.EditorUtility:SetGizmoIconEnabled (System.Type,bool) (at Library/PackageCache/com.unity.probuilder@4.4.0/Editor/EditorCore/EditorUtility.cs:593)
UnityEditor.ProBuilder.HierarchyListener:.cctor () (at Library/PackageCache/com.unity.probuilder@4.4.0/Editor/EditorCore/HierarchyListener.cs:21)
System.Runtime.CompilerServices.RuntimeHelpers:RunClassConstructor (System.RuntimeTypeHandle)
UnityEditor.EditorAssemblies:ProcessInitializeOnLoadAttributes (System.Type[])

[Library/PackageCache/com.unity.probuilder@4.4.0/Editor/EditorCore/EditorUtility.cs line 593]

Invoked RoslynAnalysisRunner static constructor.
RoslynAnalysisRunner will not be running.
RoslynAnalysisRunner has terminated.
Mono: successfully reloaded assembly
- Completed reload, in  1.022 seconds
Platform modules already initialized, skipping
Refreshing native plugins compatible for Editor in 0.36 ms, found 0 plugins.
Preloading 0 native plugins for Editor in 0.00 ms.
Unloading 1874 Unused Serialized files (Serialized files now loaded: 0)
System memory in use before: 103.7 MB.
System memory in use after: 103.8 MB.

Unloading 7 unused Assets to reduce memory usage. Loaded Objects now: 2421.
Total: 3.233200 ms (FindLiveObjects: 0.212900 ms CreateObjectMapping: 0.075700 ms MarkObjects: 2.832600 ms  DeleteObjects: 0.111000 ms)

========================================================================
Received Import Request.
  Time since last request: 19.962092 seconds.
  path: Assets/Animations/Character/Originals/walking.fbx
  artifactKey: Guid(89173193cabe99147bd71dd99e0a2622) Importer(815301076,1909f56bfc062723c751e8b465ee728b)
Start importing Assets/Animations/Character/Originals/walking.fbx using Guid(89173193cabe99147bd71dd99e0a2622) Importer(815301076,1909f56bfc062723c751e8b465ee728b)  -> (artifact id: '5e248ffb5daaa81791e3f02e8e1231b7') in 0.026381 seconds
  Import took 0.030574 seconds .

========================================================================
Received Prepare
Registering precompiled user dll's ...
Registered in 0.001385 seconds.
Begin MonoManager ReloadAssembly
Native extension for WindowsStandalone target not found
Native extension for WebGL target not found
Refreshing native plugins compatible for Editor in 0.59 ms, found 0 plugins.
Preloading 0 native plugins for Editor in 0.00 ms.
Warning: Annotation not found!
UnityEngine.StackTraceUtility:ExtractStackTrace ()
UnityEditor.ProBuilder.EditorUtility:SetGizmoIconEnabled (System.Type,bool) (at Library/PackageCache/com.unity.probuilder@4.4.0/Editor/EditorCore/EditorUtility.cs:593)
UnityEditor.ProBuilder.HierarchyListener:.cctor () (at Library/PackageCache/com.unity.probuilder@4.4.0/Editor/EditorCore/HierarchyListener.cs:21)
System.Runtime.CompilerServices.RuntimeHelpers:RunClassConstructor (System.RuntimeTypeHandle)
UnityEditor.EditorAssemblies:ProcessInitializeOnLoadAttributes (System.Type[])

[Library/PackageCache/com.unity.probuilder@4.4.0/Editor/EditorCore/EditorUtility.cs line 593]

Invoked RoslynAnalysisRunner static constructor.
RoslynAnalysisRunner will not be running.
RoslynAnalysisRunner has terminated.
Mono: successfully reloaded assembly
- Completed reload, in  1.072 seconds
Platform modules already initialized, skipping
Refreshing native plugins compatible for Editor in 0.37 ms, found 0 plugins.
Preloading 0 native plugins for Editor in 0.00 ms.
Unloading 1874 Unused Serialized files (Serialized files now loaded: 0)
System memory in use before: 104.0 MB.
System memory in use after: 104.1 MB.

Unloading 7 unused Assets to reduce memory usage. Loaded Objects now: 2423.
Total: 2.714700 ms (FindLiveObjects: 0.289300 ms CreateObjectMapping: 0.108500 ms MarkObjects: 2.188700 ms  DeleteObjects: 0.127100 ms)

========================================================================
Received Prepare
Registering precompiled user dll's ...
Registered in 0.001267 seconds.
Begin MonoManager ReloadAssembly
Native extension for WindowsStandalone target not found
Native extension for WebGL target not found
Refreshing native plugins compatible for Editor in 0.68 ms, found 0 plugins.
Preloading 0 native plugins for Editor in 0.00 ms.
Warning: Annotation not found!
UnityEngine.StackTraceUtility:ExtractStackTrace ()
UnityEditor.ProBuilder.EditorUtility:SetGizmoIconEnabled (System.Type,bool) (at Library/PackageCache/com.unity.probuilder@4.4.0/Editor/EditorCore/EditorUtility.cs:593)
UnityEditor.ProBuilder.HierarchyListener:.cctor () (at Library/PackageCache/com.unity.probuilder@4.4.0/Editor/EditorCore/HierarchyListener.cs:21)
System.Runtime.CompilerServices.RuntimeHelpers:RunClassConstructor (System.RuntimeTypeHandle)
UnityEditor.EditorAssemblies:ProcessInitializeOnLoadAttributes (System.Type[])

[Library/PackageCache/com.unity.probuilder@4.4.0/Editor/EditorCore/EditorUtility.cs line 593]

Invoked RoslynAnalysisRunner static constructor.
RoslynAnalysisRunner will not be running.
RoslynAnalysisRunner has terminated.
Mono: successfully reloaded assembly
- Completed reload, in  0.996 seconds
Platform modules already initialized, skipping
Refreshing native plugins compatible for Editor in 0.34 ms, found 0 plugins.
Preloading 0 native plugins for Editor in 0.00 ms.
Unloading 1874 Unused Serialized files (Serialized files now loaded: 0)
System memory in use before: 104.3 MB.
System memory in use after: 104.3 MB.

Unloading 7 unused Assets to reduce memory usage. Loaded Objects now: 2425.
Total: 2.539000 ms (FindLiveObjects: 0.157600 ms CreateObjectMapping: 0.052200 ms MarkObjects: 2.200900 ms  DeleteObjects: 0.127300 ms)

========================================================================
Received Prepare
Registering precompiled user dll's ...
Registered in 0.001167 seconds.
Begin MonoManager ReloadAssembly
Native extension for WindowsStandalone target not found
Native extension for WebGL target not found
Refreshing native plugins compatible for Editor in 1.87 ms, found 0 plugins.
Preloading 0 native plugins for Editor in 0.00 ms.
Warning: Annotation not found!
UnityEngine.StackTraceUtility:ExtractStackTrace ()
UnityEditor.ProBuilder.EditorUtility:SetGizmoIconEnabled (System.Type,bool) (at Library/PackageCache/com.unity.probuilder@4.4.0/Editor/EditorCore/EditorUtility.cs:593)
UnityEditor.ProBuilder.HierarchyListener:.cctor () (at Library/PackageCache/com.unity.probuilder@4.4.0/Editor/EditorCore/HierarchyListener.cs:21)
System.Runtime.CompilerServices.RuntimeHelpers:RunClassConstructor (System.RuntimeTypeHandle)
UnityEditor.EditorAssemblies:ProcessInitializeOnLoadAttributes (System.Type[])

[Library/PackageCache/com.unity.probuilder@4.4.0/Editor/EditorCore/EditorUtility.cs line 593]

Invoked RoslynAnalysisRunner static constructor.
RoslynAnalysisRunner will not be running.
RoslynAnalysisRunner has terminated.
Mono: successfully reloaded assembly
- Completed reload, in  1.029 seconds
Platform modules already initialized, skipping
Refreshing native plugins compatible for Editor in 0.34 ms, found 0 plugins.
Preloading 0 native plugins for Editor in 0.00 ms.
Unloading 1874 Unused Serialized files (Serialized files now loaded: 0)
System memory in use before: 103.8 MB.
System memory in use after: 103.8 MB.

Unloading 7 unused Assets to reduce memory usage. Loaded Objects now: 2427.
Total: 2.457100 ms (FindLiveObjects: 0.205700 ms CreateObjectMapping: 0.068000 ms MarkObjects: 2.085900 ms  DeleteObjects: 0.096500 ms)

========================================================================
Received Prepare
Registering precompiled user dll's ...
Registered in 0.001793 seconds.
Begin MonoManager ReloadAssembly
Native extension for WindowsStandalone target not found
Native extension for WebGL target not found
Refreshing native plugins compatible for Editor in 0.34 ms, found 0 plugins.
Preloading 0 native plugins for Editor in 0.00 ms.
Warning: Annotation not found!
UnityEngine.StackTraceUtility:ExtractStackTrace ()
UnityEditor.ProBuilder.EditorUtility:SetGizmoIconEnabled (System.Type,bool) (at Library/PackageCache/com.unity.probuilder@4.4.0/Editor/EditorCore/EditorUtility.cs:593)
UnityEditor.ProBuilder.HierarchyListener:.cctor () (at Library/PackageCache/com.unity.probuilder@4.4.0/Editor/EditorCore/HierarchyListener.cs:21)
System.Runtime.CompilerServices.RuntimeHelpers:RunClassConstructor (System.RuntimeTypeHandle)
UnityEditor.EditorAssemblies:ProcessInitializeOnLoadAttributes (System.Type[])

[Library/PackageCache/com.unity.probuilder@4.4.0/Editor/EditorCore/EditorUtility.cs line 593]

Invoked RoslynAnalysisRunner static constructor.
RoslynAnalysisRunner will not be running.
RoslynAnalysisRunner has terminated.
Mono: successfully reloaded assembly
- Completed reload, in  1.025 seconds
Platform modules already initialized, skipping
Refreshing native plugins compatible for Editor in 0.40 ms, found 0 plugins.
Preloading 0 native plugins for Editor in 0.00 ms.
Unloading 1874 Unused Serialized files (Serialized files now loaded: 0)
System memory in use before: 104.2 MB.
System memory in use after: 104.2 MB.

Unloading 7 unused Assets to reduce memory usage. Loaded Objects now: 2429.
Total: 2.738800 ms (FindLiveObjects: 0.207800 ms CreateObjectMapping: 0.075700 ms MarkObjects: 2.361500 ms  DeleteObjects: 0.092200 ms)

========================================================================
Received Prepare
Registering precompiled user dll's ...
Registered in 0.001172 seconds.
Begin MonoManager ReloadAssembly
Native extension for WindowsStandalone target not found
Native extension for WebGL target not found
Refreshing native plugins compatible for Editor in 0.37 ms, found 0 plugins.
Preloading 0 native plugins for Editor in 0.00 ms.
Warning: Annotation not found!
UnityEngine.StackTraceUtility:ExtractStackTrace ()
UnityEditor.ProBuilder.EditorUtility:SetGizmoIconEnabled (System.Type,bool) (at Library/PackageCache/com.unity.probuilder@4.4.0/Editor/EditorCore/EditorUtility.cs:593)
UnityEditor.ProBuilder.HierarchyListener:.cctor () (at Library/PackageCache/com.unity.probuilder@4.4.0/Editor/EditorCore/HierarchyListener.cs:21)
System.Runtime.CompilerServices.RuntimeHelpers:RunClassConstructor (System.RuntimeTypeHandle)
UnityEditor.EditorAssemblies:ProcessInitializeOnLoadAttributes (System.Type[])

[Library/PackageCache/com.unity.probuilder@4.4.0/Editor/EditorCore/EditorUtility.cs line 593]

Invoked RoslynAnalysisRunner static constructor.
RoslynAnalysisRunner will not be running.
RoslynAnalysisRunner has terminated.
Mono: successfully reloaded assembly
- Completed reload, in  1.072 seconds
Platform modules already initialized, skipping
Refreshing native plugins compatible for Editor in 0.35 ms, found 0 plugins.
Preloading 0 native plugins for Editor in 0.00 ms.
Unloading 1874 Unused Serialized files (Serialized files now loaded: 0)
System memory in use before: 104.3 MB.
System memory in use after: 104.3 MB.

Unloading 7 unused Assets to reduce memory usage. Loaded Objects now: 2431.
Total: 2.572600 ms (FindLiveObjects: 0.226900 ms CreateObjectMapping: 0.091100 ms MarkObjects: 2.152800 ms  DeleteObjects: 0.100900 ms)

========================================================================
Received Prepare
Registering precompiled user dll's ...
Registered in 0.001560 seconds.
Begin MonoManager ReloadAssembly
Native extension for WindowsStandalone target not found
Native extension for WebGL target not found
Refreshing native plugins compatible for Editor in 0.33 ms, found 0 plugins.
Preloading 0 native plugins for Editor in 0.00 ms.
Warning: Annotation not found!
UnityEngine.StackTraceUtility:ExtractStackTrace ()
UnityEditor.ProBuilder.EditorUtility:SetGizmoIconEnabled (System.Type,bool) (at Library/PackageCache/com.unity.probuilder@4.4.0/Editor/EditorCore/EditorUtility.cs:593)
UnityEditor.ProBuilder.HierarchyListener:.cctor () (at Library/PackageCache/com.unity.probuilder@4.4.0/Editor/EditorCore/HierarchyListener.cs:21)
System.Runtime.CompilerServices.RuntimeHelpers:RunClassConstructor (System.RuntimeTypeHandle)
UnityEditor.EditorAssemblies:ProcessInitializeOnLoadAttributes (System.Type[])

[Library/PackageCache/com.unity.probuilder@4.4.0/Editor/EditorCore/EditorUtility.cs line 593]

Invoked RoslynAnalysisRunner static constructor.
RoslynAnalysisRunner will not be running.
RoslynAnalysisRunner has terminated.
Mono: successfully reloaded assembly
- Completed reload, in  0.912 seconds
Platform modules already initialized, skipping
Refreshing native plugins compatible for Editor in 0.43 ms, found 0 plugins.
Preloading 0 native plugins for Editor in 0.00 ms.
Unloading 1874 Unused Serialized files (Serialized files now loaded: 0)
System memory in use before: 103.9 MB.
System memory in use after: 103.9 MB.

Unloading 7 unused Assets to reduce memory usage. Loaded Objects now: 2433.
Total: 3.038700 ms (FindLiveObjects: 0.257400 ms CreateObjectMapping: 0.099500 ms MarkObjects: 2.540600 ms  DeleteObjects: 0.139500 ms)

